PRT1
194
554
4 0 71 (0 800 116 ) (0 768 116 ) (0 768 918 ) (0 800 918 ) 
4 0 70 (0 768 918 ) (0 768 960 ) (0 800 960 ) (0 800 918 ) 
4 0 21 (0 768 116 ) (0 800 116 ) (960 800 116 ) (960 768 116 ) 
4 0 20 (960 800 116 ) (992 800 116 ) (992 768 116 ) (960 768 116 ) 
4 0 2 (0 768 960 ) (0 768 918 ) (960 768 918 ) (960 768 960 ) 
4 0 1 (960 768 116 ) (992 768 116 ) (992 768 960 ) (960 768 960 ) 
4 1 20 (992 10 116 ) (960 10 116 ) (960 768 116 ) (992 768 116 ) 
4 1 12 (960 10 116 ) (992 10 116 ) (992 10 918 ) (960 10 918 ) 
4 1 11 (992 10 918 ) (992 10 960 ) (960 10 960 ) (960 10 918 ) 
4 1 2 (960 768 960 ) (960 768 918 ) (960 10 918 ) (960 10 960 ) 
4 2 70 (0 10 918 ) (0 10 960 ) (0 768 960 ) (0 768 918 ) 
4 2 11 (0 10 960 ) (0 10 918 ) (960 10 918 ) (960 10 960 ) 
4 3 81 (0 10 164 ) (0 10 512 ) (0 128 512 ) (0 128 164 ) 
4 3 73 (0 10 512 ) (0 10 918 ) (0 128 918 ) (0 128 512 ) 
4 3 72 (0 128 918 ) (0 768 918 ) (0 768 164 ) (0 128 164 ) 
4 3 13 (0 10 918 ) (0 10 164 ) (960 10 164 ) (960 10 918 ) 
4 3 5 (960 10 164 ) (679 10 164 ) (679 203 164 ) (960 203 164 ) 
4 3 4 (560 203 164 ) (560 768 164 ) (960 768 164 ) (960 203 164 ) 
4 3 10 (560 10 164 ) (0 10 164 ) (0 768 164 ) (560 768 164 ) 
4 4 24 (560 203 116 ) (560 640 116 ) (960 640 116 ) (960 203 116 ) 
4 4 22 (560 640 116 ) (560 768 116 ) (960 768 116 ) (960 640 116 ) 
4 4 5 (679 203 116 ) (960 203 116 ) (960 203 164 ) (679 203 164 ) 
4 4 10 (560 203 164 ) (560 768 164 ) (560 768 116 ) (560 203 116 ) 
4 5 25 (960 10 116 ) (679 10 116 ) (679 203 116 ) (960 203 116 ) 
4 5 13 (679 10 116 ) (960 10 116 ) (960 10 164 ) (679 10 164 ) 
4 6 26 (570 196 116 ) (673 196 116 ) (673 128 116 ) (570 128 116 ) 
4 6 7 (673 128 139 ) (570 128 139 ) (570 128 116 ) (673 128 116 ) 
4 7 27 (560 93 116 ) (560 128 116 ) (570 128 116 ) (570 93 116 ) 
4 7 26 (570 128 116 ) (673 128 116 ) (673 93 116 ) (570 93 116 ) 
4 7 8 (570 93 116 ) (673 93 116 ) (673 93 139 ) (570 93 139 ) 
4 7 10 (560 128 116 ) (560 93 116 ) (560 93 139 ) (560 128 139 ) 
4 8 26 (570 93 116 ) (673 93 116 ) (673 19 116 ) (570 19 116 ) 
4 8 9 (570 86 116 ) (570 22 116 ) (570 22 132 ) (570 86 132 ) 
4 9 28 (560 22 116 ) (560 86 116 ) (570 86 116 ) (570 22 116 ) 
4 9 10 (560 86 116 ) (560 22 116 ) (560 22 132 ) (560 86 132 ) 
4 10 81 (0 128 116 ) (0 10 116 ) (0 10 164 ) (0 128 164 ) 
4 10 72 (0 768 116 ) (0 128 116 ) (0 128 164 ) (0 768 164 ) 
4 10 54 (0 224 116 ) (0 256 116 ) (256 256 116 ) (256 224 116 ) 
4 10 53 (0 256 116 ) (0 384 116 ) (256 384 116 ) (256 256 116 ) 
4 10 55 (256 10 116 ) (0 10 116 ) (0 224 116 ) (256 224 116 ) 
4 10 46 (0 384 116 ) (0 512 116 ) (128 512 116 ) (128 384 116 ) 
4 10 38 (192 512 116 ) (256 512 116 ) (256 384 116 ) (192 384 116 ) 
4 10 41 (128 512 116 ) (192 512 116 ) (192 384 116 ) (128 384 116 ) 
4 10 37 (0 512 116 ) (0 640 116 ) (256 640 116 ) (256 512 116 ) 
4 10 34 (288 10 116 ) (256 10 116 ) (256 256 116 ) (288 256 116 ) 
4 10 30 (559 256 116 ) (560 256 116 ) (560 174 116 ) (559 174 116 ) 
4 10 32 (288 144 116 ) (288 256 116 ) (559 256 116 ) (559 144 116 ) 
4 10 33 (560 10 116 ) (288 10 116 ) (288 144 116 ) (560 144 116 ) 
4 10 29 (256 256 116 ) (256 640 116 ) (560 640 116 ) (560 256 116 ) 
4 10 22 (0 640 116 ) (0 768 116 ) (560 768 116 ) (560 640 116 ) 
4 10 13 (0 10 164 ) (0 10 116 ) (560 10 116 ) (560 10 164 ) 
4 11 139 (0 -832 918 ) (0 -864 918 ) (0 -864 960 ) (0 -832 960 ) 
4 11 113 (0 -48 918 ) (0 -832 918 ) (0 -832 960 ) (0 -48 960 ) 
4 11 70 (0 10 960 ) (0 10 918 ) (0 -48 918 ) (0 -48 960 ) 
4 11 19 (960 -864 918 ) (0 -864 918 ) (0 -832 918 ) (960 -832 918 ) 
4 11 12 (992 10 918 ) (992 -864 918 ) (960 -864 918 ) (960 10 918 ) 
4 12 66 (992 -640 116 ) (992 -864 116 ) (960 -864 116 ) (960 -640 116 ) 
4 12 56 (960 10 116 ) (992 10 116 ) (992 -640 116 ) (960 -640 116 ) 
4 12 19 (960 -832 116 ) (960 -864 116 ) (960 -864 918 ) (960 -832 918 ) 
4 13 115 (0 -48 116 ) (0 -384 116 ) (0 -384 536 ) (0 -48 536 ) 
4 13 114 (0 -384 536 ) (0 -384 918 ) (0 -48 918 ) (0 -48 536 ) 
4 13 81 (0 10 512 ) (0 10 116 ) (0 -48 116 ) (0 -48 512 ) 
4 13 73 (0 10 918 ) (0 10 512 ) (0 -48 512 ) (0 -48 918 ) 
4 13 64 (0 -384 116 ) (0 -256 116 ) (256 -256 116 ) (256 -384 116 ) 
4 13 63 (0 -256 116 ) (0 -224 116 ) (256 -224 116 ) (256 -256 116 ) 
4 13 62 (0 -224 116 ) (0 10 116 ) (256 10 116 ) (256 -224 116 ) 
4 13 61 (704 -256 116 ) (704 -384 116 ) (256 -384 116 ) (256 -256 116 ) 
4 13 60 (256 10 116 ) (288 10 116 ) (288 -256 116 ) (256 -256 116 ) 
4 13 59 (288 10 116 ) (704 10 116 ) (704 -256 116 ) (288 -256 116 ) 
4 13 57 (704 10 116 ) (960 10 116 ) (960 -384 116 ) (704 -384 116 ) 
4 13 17 (0 -384 256 ) (0 -384 116 ) (128 -384 116 ) (128 -384 256 ) 
4 13 15 (0 -384 918 ) (0 -384 320 ) (128 -384 320 ) (128 -384 918 ) 
4 13 14 (128 -384 116 ) (960 -384 116 ) (960 -384 918 ) (128 -384 918 ) 
4 14 65 (256 -576 116 ) (256 -640 116 ) (128 -640 116 ) (128 -576 116 ) 
4 14 64 (128 -384 116 ) (256 -384 116 ) (256 -576 116 ) (128 -576 116 ) 
4 14 61 (256 -384 116 ) (704 -384 116 ) (704 -640 116 ) (256 -640 116 ) 
4 14 57 (704 -384 116 ) (960 -384 116 ) (960 -640 116 ) (704 -640 116 ) 
4 14 18 (960 -640 116 ) (960 -640 918 ) (128 -640 918 ) (128 -640 116 ) 
4 14 17 (128 -384 256 ) (128 -384 116 ) (128 -576 116 ) (128 -576 256 ) 
4 14 15 (128 -384 918 ) (128 -384 320 ) (128 -640 320 ) (128 -640 918 ) 
4 15 133 (0 -640 320 ) (0 -640 536 ) (0 -384 536 ) (0 -384 320 ) 
4 15 114 (0 -640 536 ) (0 -640 918 ) (0 -384 918 ) (0 -384 536 ) 
4 15 18 (128 -640 918 ) (0 -640 918 ) (0 -640 320 ) (128 -640 320 ) 
4 16 134 (0 -391 264 ) (0 -391 256 ) (0 -542 256 ) (0 -542 264 ) 
4 16 17 (0 -542 256 ) (0 -391 256 ) (122 -391 256 ) (122 -542 256 ) 
4 17 135 (0 -384 116 ) (0 -576 116 ) (0 -576 256 ) (0 -384 256 ) 
4 17 64 (0 -576 116 ) (0 -384 116 ) (128 -384 116 ) (128 -576 116 ) 
4 18 138 (0 -640 116 ) (0 -832 116 ) (0 -832 536 ) (0 -640 536 ) 
4 18 114 (0 -832 536 ) (0 -832 918 ) (0 -640 918 ) (0 -640 536 ) 
4 18 67 (0 -832 116 ) (0 -640 116 ) (960 -640 116 ) (960 -832 116 ) 
4 19 139 (0 -832 116 ) (0 -864 116 ) (0 -864 918 ) (0 -832 918 ) 
4 19 68 (0 -864 116 ) (0 -832 116 ) (960 -832 116 ) (960 -864 116 ) 
4 20 58 (960 10 -502 ) (960 10 -544 ) (992 10 -544 ) (992 10 -502 ) 
4 20 56 (992 10 116 ) (960 10 116 ) (960 10 -502 ) (992 10 -502 ) 
4 20 36 (960 10 -544 ) (960 10 -502 ) (960 640 -502 ) (960 640 -544 ) 
4 20 23 (960 800 -502 ) (960 800 -544 ) (960 640 -544 ) (960 640 -502 ) 
4 20 21 (960 768 116 ) (960 800 116 ) (960 800 -502 ) (960 768 -502 ) 
4 21 149 (0 800 112 ) (0 800 -502 ) (0 768 -502 ) (0 768 112 ) 
4 21 71 (0 768 116 ) (0 800 116 ) (0 800 112 ) (0 768 112 ) 
4 21 23 (0 768 -502 ) (0 800 -502 ) (960 800 -502 ) (960 768 -502 ) 
4 22 150 (0 768 112 ) (0 768 -502 ) (0 640 -502 ) (0 640 112 ) 
4 22 72 (0 640 116 ) (0 768 116 ) (0 768 112 ) (0 640 112 ) 
4 22 37 (0 640 116 ) (0 640 64 ) (256 640 64 ) (256 640 116 ) 
4 22 35 (704 640 -502 ) (960 640 -502 ) (960 640 64 ) (704 640 64 ) 
4 22 29 (560 640 116 ) (256 640 116 ) (256 640 64 ) (560 640 64 ) 
4 22 24 (960 640 64 ) (960 640 116 ) (560 640 116 ) (560 640 64 ) 
4 23 151 (0 768 -544 ) (0 640 -544 ) (0 640 -502 ) (0 768 -502 ) 
4 23 149 (0 800 -502 ) (0 800 -544 ) (0 768 -544 ) (0 768 -502 ) 
4 23 36 (704 640 -544 ) (960 640 -544 ) (960 640 -502 ) (704 640 -502 ) 
4 24 35 (960 640 64 ) (960 203 64 ) (704 203 64 ) (704 640 64 ) 
4 24 30 (560 256 64 ) (560 203 64 ) (560 203 116 ) (560 256 116 ) 
4 24 29 (560 640 116 ) (560 640 64 ) (560 256 64 ) (560 256 116 ) 
4 24 25 (679 203 64 ) (960 203 64 ) (960 203 116 ) (679 203 116 ) 
4 25 59 (704 10 116 ) (679 10 116 ) (679 10 64 ) (704 10 64 ) 
4 25 57 (960 10 116 ) (704 10 116 ) (704 10 64 ) (960 10 64 ) 
4 25 35 (960 203 64 ) (960 10 64 ) (704 10 64 ) (704 203 64 ) 
4 26 28 (570 22 92 ) (570 22 116 ) (570 86 116 ) (570 86 92 ) 
4 26 27 (570 128 64 ) (570 93 64 ) (570 93 116 ) (570 128 116 ) 
4 27 33 (560 128 64 ) (560 93 64 ) (560 93 116 ) (560 128 116 ) 
4 28 33 (560 22 92 ) (560 22 116 ) (560 86 116 ) (560 86 92 ) 
4 29 53 (256 384 64 ) (256 256 64 ) (256 256 116 ) (256 384 116 ) 
4 29 38 (256 512 64 ) (256 384 64 ) (256 384 116 ) (256 512 116 ) 
4 29 37 (256 640 116 ) (256 640 64 ) (256 512 64 ) (256 512 116 ) 
4 29 34 (288 256 96 ) (288 256 116 ) (256 256 116 ) (256 256 96 ) 
4 29 30 (559 256 64 ) (560 256 64 ) (560 256 116 ) (559 256 116 ) 
4 29 32 (288 256 64 ) (559 256 64 ) (559 256 116 ) (288 256 116 ) 
4 30 31 (559 174 64 ) (560 174 64 ) (560 174 100 ) (559 174 100 ) 
4 30 32 (559 256 64 ) (559 174 64 ) (559 174 116 ) (559 256 116 ) 
4 31 33 (559 144 64 ) (560 144 64 ) (560 144 100 ) (559 144 100 ) 
4 31 32 (559 174 64 ) (559 144 64 ) (559 144 100 ) (559 174 100 ) 
4 32 34 (288 144 96 ) (288 144 116 ) (288 256 116 ) (288 256 96 ) 
4 32 33 (288 144 64 ) (559 144 64 ) (559 144 116 ) (288 144 116 ) 
4 33 59 (560 10 116 ) (288 10 116 ) (288 10 64 ) (560 10 64 ) 
4 33 34 (288 10 96 ) (288 10 116 ) (288 144 116 ) (288 144 96 ) 
4 34 60 (288 10 116 ) (256 10 116 ) (256 10 96 ) (288 10 96 ) 
4 34 54 (256 224 116 ) (256 256 116 ) (256 256 96 ) (256 224 96 ) 
4 34 55 (256 10 96 ) (256 10 116 ) (256 224 116 ) (256 224 96 ) 
4 35 57 (960 10 -502 ) (960 10 64 ) (704 10 64 ) (704 10 -502 ) 
4 36 58 (960 10 -544 ) (960 10 -502 ) (704 10 -502 ) (704 10 -544 ) 
4 37 152 (0 640 112 ) (0 640 64 ) (0 512 64 ) (0 512 112 ) 
4 37 72 (0 512 116 ) (0 640 116 ) (0 640 112 ) (0 512 112 ) 
4 37 46 (0 512 116 ) (0 512 64 ) (128 512 64 ) (128 512 116 ) 
4 37 38 (192 512 64 ) (256 512 64 ) (256 512 116 ) (192 512 116 ) 
4 37 41 (128 512 64 ) (192 512 64 ) (192 512 116 ) (128 512 116 ) 
4 38 53 (256 384 64 ) (256 384 116 ) (192 384 116 ) (192 384 64 ) 
4 38 40 (224 384 64 ) (192 384 64 ) (192 512 64 ) (224 512 64 ) 
4 38 41 (192 512 116 ) (192 512 64 ) (192 384 64 ) (192 384 116 ) 
4 39 42 (256 512 32 ) (256 384 32 ) (224 384 32 ) (224 512 32 ) 
4 40 41 (192 512 64 ) (192 512 48 ) (192 384 48 ) (192 384 64 ) 
4 41 53 (192 384 116 ) (128 384 116 ) (128 384 64 ) (192 384 64 ) 
4 41 46 (128 512 116 ) (128 512 32 ) (128 384 32 ) (128 384 116 ) 
4 41 44 (160 384 32 ) (128 384 32 ) (128 512 32 ) (160 512 32 ) 
4 42 43 (192 384 0 ) (192 384 16 ) (192 512 16 ) (192 512 0 ) 
4 42 45 (192 384 -64 ) (192 384 0 ) (192 512 0 ) (192 512 -64 ) 
4 43 45 (192 384 0 ) (160 384 0 ) (160 512 0 ) (192 512 0 ) 
4 44 46 (128 512 32 ) (128 512 16 ) (128 384 16 ) (128 384 32 ) 
4 45 47 (128 512 -16 ) (128 512 -32 ) (128 384 -32 ) (128 384 -16 ) 
4 45 49 (128 512 -32 ) (128 512 -64 ) (128 384 -64 ) (128 384 -32 ) 
4 46 154 (0 496 0 ) (0 400 0 ) (0 400 48 ) (0 496 48 ) 
4 46 152 (0 512 112 ) (0 512 64 ) (0 384 64 ) (0 384 112 ) 
4 46 72 (0 384 116 ) (0 512 116 ) (0 512 112 ) (0 384 112 ) 
4 46 53 (128 384 116 ) (0 384 116 ) (0 384 64 ) (128 384 64 ) 
4 46 52 (32 384 0 ) (0 384 0 ) (0 512 0 ) (32 512 0 ) 
4 46 50 (64 384 0 ) (32 384 0 ) (32 512 0 ) (64 512 0 ) 
4 46 48 (96 384 0 ) (64 384 0 ) (64 512 0 ) (96 512 0 ) 
4 47 49 (128 512 -32 ) (128 384 -32 ) (96 384 -32 ) (96 512 -32 ) 
4 48 50 (64 512 0 ) (64 512 -16 ) (64 384 -16 ) (64 384 0 ) 
4 49 51 (64 512 -48 ) (64 512 -64 ) (64 384 -64 ) (64 384 -48 ) 
4 50 52 (32 384 -32 ) (32 384 0 ) (32 512 0 ) (32 512 -32 ) 
4 52 154 (0 496 -48 ) (0 400 -48 ) (0 400 0 ) (0 496 0 ) 
4 53 152 (0 384 112 ) (0 384 64 ) (0 256 64 ) (0 256 112 ) 
4 53 72 (0 256 116 ) (0 384 116 ) (0 384 112 ) (0 256 112 ) 
4 53 54 (0 256 116 ) (0 256 96 ) (256 256 96 ) (256 256 116 ) 
4 54 155 (0 256 112 ) (0 256 96 ) (0 224 96 ) (0 224 112 ) 
4 54 72 (0 224 116 ) (0 256 116 ) (0 256 112 ) (0 224 112 ) 
4 54 55 (0 224 116 ) (0 224 96 ) (256 224 96 ) (256 224 116 ) 
4 55 156 (0 10 -64 ) (0 10 112 ) (0 224 112 ) (0 224 -64 ) 
4 55 81 (0 10 112 ) (0 10 116 ) (0 128 116 ) (0 128 112 ) 
4 55 72 (0 128 116 ) (0 224 116 ) (0 224 112 ) (0 128 112 ) 
4 55 62 (256 10 116 ) (0 10 116 ) (0 10 -64 ) (256 10 -64 ) 
4 56 66 (992 -640 -502 ) (992 -640 116 ) (960 -640 116 ) (960 -640 -502 ) 
4 56 58 (992 -640 -502 ) (960 -640 -502 ) (960 10 -502 ) (992 10 -502 ) 
4 57 67 (960 -640 116 ) (704 -640 116 ) (704 -640 -502 ) (960 -640 -502 ) 
4 57 61 (704 -640 64 ) (704 -640 116 ) (704 -256 116 ) (704 -256 64 ) 
4 57 59 (704 10 116 ) (704 10 64 ) (704 -256 64 ) (704 -256 116 ) 
4 58 69 (992 -640 -544 ) (992 -640 -502 ) (704 -640 -502 ) (704 -640 -544 ) 
4 59 61 (704 -256 64 ) (704 -256 116 ) (288 -256 116 ) (288 -256 64 ) 
4 59 60 (288 10 116 ) (288 10 96 ) (288 -256 96 ) (288 -256 116 ) 
4 60 63 (256 -224 96 ) (256 -256 96 ) (256 -256 116 ) (256 -224 116 ) 
4 60 62 (256 10 116 ) (256 10 96 ) (256 -224 96 ) (256 -224 116 ) 
4 60 61 (288 -256 96 ) (288 -256 116 ) (256 -256 116 ) (256 -256 96 ) 
4 61 67 (704 -640 116 ) (256 -640 116 ) (256 -640 64 ) (704 -640 64 ) 
4 61 65 (256 -640 64 ) (256 -640 116 ) (256 -576 116 ) (256 -576 64 ) 
4 61 64 (256 -576 116 ) (256 -256 116 ) (256 -256 64 ) (256 -576 64 ) 
4 62 173 (0 -32 -64 ) (0 -224 -64 ) (0 -224 112 ) (0 -32 112 ) 
4 62 156 (0 10 112 ) (0 10 -64 ) (0 -32 -64 ) (0 -32 112 ) 
4 62 115 (0 -224 116 ) (0 -48 116 ) (0 -48 112 ) (0 -224 112 ) 
4 62 81 (0 -48 116 ) (0 10 116 ) (0 10 112 ) (0 -48 112 ) 
4 62 63 (0 -224 116 ) (0 -224 96 ) (256 -224 96 ) (256 -224 116 ) 
4 63 174 (0 -224 112 ) (0 -224 96 ) (0 -256 96 ) (0 -256 112 ) 
4 63 115 (0 -256 116 ) (0 -224 116 ) (0 -224 112 ) (0 -256 112 ) 
4 63 64 (256 -256 96 ) (256 -256 116 ) (0 -256 116 ) (0 -256 96 ) 
4 64 182 (0 -256 112 ) (0 -256 64 ) (0 -576 64 ) (0 -576 112 ) 
4 64 135 (0 -576 116 ) (0 -384 116 ) (0 -384 112 ) (0 -576 112 ) 
4 64 115 (0 -384 116 ) (0 -256 116 ) (0 -256 112 ) (0 -384 112 ) 
4 64 65 (128 -576 64 ) (256 -576 64 ) (256 -576 116 ) (128 -576 116 ) 
4 65 67 (256 -640 116 ) (128 -640 116 ) (128 -640 64 ) (256 -640 64 ) 
4 66 69 (960 -640 -502 ) (992 -640 -502 ) (992 -864 -502 ) (960 -864 -502 ) 
4 66 68 (960 -864 -502 ) (960 -864 116 ) (960 -832 116 ) (960 -832 -502 ) 
4 67 183 (0 -640 112 ) (0 -640 -502 ) (0 -832 -502 ) (0 -832 112 ) 
4 67 138 (0 -832 116 ) (0 -640 116 ) (0 -640 112 ) (0 -832 112 ) 
4 68 185 (0 -864 -502 ) (0 -864 112 ) (0 -832 112 ) (0 -832 -502 ) 
4 68 139 (0 -864 112 ) (0 -864 116 ) (0 -832 116 ) (0 -832 112 ) 
4 68 69 (0 -864 -502 ) (0 -832 -502 ) (960 -832 -502 ) (960 -864 -502 ) 
4 69 185 (0 -864 -544 ) (0 -864 -502 ) (0 -832 -502 ) (0 -832 -544 ) 
4 69 184 (0 -832 -502 ) (0 -640 -502 ) (0 -640 -544 ) (0 -832 -544 ) 
4 70 113 (0 -48 918 ) (0 -48 960 ) (-544 -48 960 ) (-544 -48 918 ) 
4 70 107 (-544 -48 918 ) (-544 -48 960 ) (-544 800 960 ) (-544 800 918 ) 
4 70 71 (0 800 918 ) (0 768 918 ) (-544 768 918 ) (-544 800 918 ) 
4 71 149 (0 800 112 ) (0 768 112 ) (-544 768 112 ) (-544 800 112 ) 
4 71 108 (-544 800 112 ) (-544 768 112 ) (-544 768 918 ) (-544 800 918 ) 
4 72 159 (-288 128 112 ) (-544 128 112 ) (-544 640 112 ) (-288 640 112 ) 
4 72 157 (-160 128 112 ) (-192 128 112 ) (-192 256 112 ) (-160 256 112 ) 
4 72 158 (-192 128 112 ) (-288 128 112 ) (-288 256 112 ) (-192 256 112 ) 
4 72 155 (0 256 112 ) (0 224 112 ) (-160 224 112 ) (-160 256 112 ) 
4 72 156 (0 224 112 ) (0 128 112 ) (-160 128 112 ) (-160 224 112 ) 
4 72 152 (0 640 112 ) (0 256 112 ) (-288 256 112 ) (-288 640 112 ) 
4 72 150 (0 768 112 ) (0 640 112 ) (-544 640 112 ) (-544 768 112 ) 
4 72 109 (-544 768 112 ) (-544 128 112 ) (-544 128 918 ) (-544 768 918 ) 
4 72 81 (-320 128 112 ) (0 128 112 ) (0 128 512 ) (-320 128 512 ) 
4 72 75 (-348 128 512 ) (-332 128 512 ) (-332 128 536 ) (-348 128 536 ) 
4 72 80 (-544 128 536 ) (-544 128 512 ) (-348 128 512 ) (-348 128 536 ) 
4 72 74 (-332 128 918 ) (-544 128 918 ) (-544 128 536 ) (-332 128 536 ) 
4 72 73 (0 128 512 ) (0 128 918 ) (-332 128 918 ) (-332 128 512 ) 
4 73 116 (-320 -48 536 ) (-332 -48 536 ) (-332 -48 512 ) (-320 -48 512 ) 
4 73 115 (0 -48 512 ) (0 -48 536 ) (-320 -48 536 ) (-320 -48 512 ) 
4 73 114 (0 -48 536 ) (0 -48 918 ) (-332 -48 918 ) (-332 -48 536 ) 
4 73 81 (-320 128 512 ) (0 128 512 ) (0 -48 512 ) (-320 -48 512 ) 
5 73 77 (-332 -48 528 ) (-332 -48 536 ) (-332 100 536 ) (-332 116 530 ) (-332 116 528 ) 
3 73 76 (-332 100 536 ) (-332 116 536 ) (-332 116 530 ) 
4 73 75 (-332 116 536 ) (-332 128 536 ) (-332 128 512 ) (-332 116 512 ) 
4 73 74 (-332 -48 536 ) (-332 -48 918 ) (-332 128 918 ) (-332 128 536 ) 
4 74 114 (-332 -48 918 ) (-544 -48 918 ) (-544 -48 536 ) (-332 -48 536 ) 
4 74 110 (-544 -48 536 ) (-544 -48 918 ) (-544 128 918 ) (-544 128 536 ) 
4 74 79 (-348 94 536 ) (-348 100 536 ) (-337 100 536 ) (-337 94 536 ) 
4 74 78 (-336 -48 536 ) (-337 -48 536 ) (-337 100 536 ) (-336 100 536 ) 
4 74 77 (-332 -48 536 ) (-336 -48 536 ) (-336 100 536 ) (-332 100 536 ) 
4 74 76 (-348 100 536 ) (-348 116 536 ) (-332 116 536 ) (-332 100 536 ) 
4 74 75 (-348 116 536 ) (-348 128 536 ) (-332 128 536 ) (-332 116 536 ) 
4 74 80 (-348 -48 536 ) (-544 -48 536 ) (-544 128 536 ) (-348 128 536 ) 
3 75 77 (-332 116 528 ) (-332 116 530 ) (-333 116 530 ) 
4 75 76 (-332 116 530 ) (-332 116 536 ) (-348 116 536 ) (-348 116 530 ) 
4 75 80 (-348 128 536 ) (-348 128 512 ) (-348 116 512 ) (-348 116 536 ) 
5 76 79 (-337 100 536 ) (-348 100 536 ) (-348 108 533 ) (-334.500022 108 533 ) (-335 105.333392 534 ) 
3 76 78 (-336 100 536 ) (-337 100 536 ) (-335 105.333392 534 ) 
4 76 77 (-332 116 530 ) (-332 100 536 ) (-336 100 536 ) (-333 116 530 ) 
3 76 80 (-348 100 536 ) (-348 116 536 ) (-348 116 530 ) 
3 77 117 (-332 -48 528 ) (-332 -48 536 ) (-336 -48 536 ) 
3 77 79 (-335 105.333365 534 ) (-334.500029 108 533 ) (-335 103.333481 534 ) 
4 77 78 (-336 -48 536 ) (-336 100 536 ) (-335 105.333365 534 ) (-335 -48 534 ) 
3 78 118 (-335 -48 534 ) (-336 -48 536 ) (-337 -48 536 ) 
4 78 79 (-337 100 536 ) (-335 105.333393 534 ) (-335 103.333529 534 ) (-337 94 536 ) 
3 79 80 (-348 94 536 ) (-348 100 536 ) (-348 108 533 ) 
4 80 122 (-544 -48 536 ) (-544 -48 512 ) (-348 -48 512 ) (-348 -48 536 ) 
4 80 110 (-544 -48 512 ) (-544 -48 536 ) (-544 128 536 ) (-544 128 512 ) 
4 81 176 (-192 -48 112 ) (-320 -48 112 ) (-320 -32 112 ) (-192 -32 112 ) 
4 81 175 (-160 -48 112 ) (-192 -48 112 ) (-192 -32 112 ) (-160 -32 112 ) 
4 81 173 (0 -32 112 ) (0 -48 112 ) (-160 -48 112 ) (-160 -32 112 ) 
4 81 160 (-288 -32 112 ) (-320 -32 112 ) (-320 128 112 ) (-288 128 112 ) 
4 81 157 (-160 -32 112 ) (-192 -32 112 ) (-192 128 112 ) (-160 128 112 ) 
4 81 158 (-192 -32 112 ) (-288 -32 112 ) (-288 128 112 ) (-192 128 112 ) 
4 81 156 (0 128 112 ) (0 -32 112 ) (-160 -32 112 ) (-160 128 112 ) 
4 81 115 (0 -48 112 ) (0 -48 512 ) (-320 -48 512 ) (-320 -48 112 ) 
4 81 82 (-320 -48 368 ) (-320 -48 464 ) (-320 96 464 ) (-320 96 368 ) 
4 82 125 (-512 -48 464 ) (-512 -48 368 ) (-424 -48 368 ) (-424 -48 464 ) 
4 82 124 (-424 -48 368 ) (-320 -48 368 ) (-320 -48 464 ) (-424 -48 464 ) 
4 83 126 (-416 -48 224 ) (-352 -48 224 ) (-352 -48 352 ) (-416 -48 352 ) 
4 83 88 (-416 16 224 ) (-416 64 224 ) (-352 64 224 ) (-352 16 224 ) 
4 83 85 (-416 -48 344 ) (-416 -48 352 ) (-416 -8 352 ) (-416 -8 344 ) 
4 83 87 (-416 8 224 ) (-416 -48 224 ) (-416 -48 344 ) (-416 8 344 ) 
4 83 84 (-416 64 224 ) (-416 8 224 ) (-416 8 352 ) (-416 64 352 ) 
4 84 88 (-480 64 224 ) (-416 64 224 ) (-416 16 224 ) (-480 16 224 ) 
4 84 86 (-455 8 352 ) (-512 8 352 ) (-512 8 344 ) (-455 8 344 ) 
4 84 87 (-512 8 224 ) (-416 8 224 ) (-416 8 344 ) (-512 8 344 ) 
4 85 126 (-416 -48 344 ) (-416 -48 352 ) (-455 -48 352 ) (-455 -48 344 ) 
4 85 86 (-455 -8 344 ) (-455 -48 344 ) (-455 -48 352 ) (-455 -8 352 ) 
4 85 87 (-416 -8 344 ) (-416 -48 344 ) (-455 -48 344 ) (-455 -8 344 ) 
4 86 126 (-455 -48 352 ) (-512 -48 352 ) (-512 -48 344 ) (-455 -48 344 ) 
4 86 87 (-455 -48 344 ) (-512 -48 344 ) (-512 8 344 ) (-455 8 344 ) 
4 87 126 (-512 -48 224 ) (-416 -48 224 ) (-416 -48 344 ) (-512 -48 344 ) 
4 88 95 (-464 64 208 ) (-448 64 208 ) (-448 16 208 ) (-464 16 208 ) 
4 88 94 (-448 64 208 ) (-432 64 208 ) (-432 16 208 ) (-448 16 208 ) 
4 88 93 (-432 64 208 ) (-400 64 208 ) (-400 16 208 ) (-432 16 208 ) 
4 88 91 (-400 64 208 ) (-352 64 208 ) (-352 16 208 ) (-400 16 208 ) 
4 88 90 (-480 16 208 ) (-352 16 208 ) (-352 16 216 ) (-480 16 216 ) 
4 89 106 (-512 64 216 ) (-512 64 208 ) (-512 16 208 ) (-512 16 216 ) 
4 89 92 (-512 16 208 ) (-512 64 208 ) (-480 64 208 ) (-480 16 208 ) 
4 89 90 (-512 16 216 ) (-512 16 208 ) (-480 16 208 ) (-496 16 216 ) 
4 90 106 (-512 8 208 ) (-512 8 216 ) (-512 16 216 ) (-512 16 208 ) 
4 90 103 (-463 8 216 ) (-512 8 216 ) (-512 8 208 ) (-463 8 208 ) 
4 90 102 (-352 8 208 ) (-352 8 216 ) (-424 8 216 ) (-424 8 208 ) 
4 90 96 (-432 8 208 ) (-480 8 208 ) (-480 16 208 ) (-432 16 208 ) 
4 90 93 (-400 8 208 ) (-432 8 208 ) (-432 16 208 ) (-400 16 208 ) 
4 90 92 (-480 8 208 ) (-512 8 208 ) (-512 16 208 ) (-480 16 208 ) 
4 90 91 (-352 8 208 ) (-400 8 208 ) (-400 16 208 ) (-352 16 208 ) 
4 91 105 (-352 8 128 ) (-352 8 208 ) (-400 8 208 ) (-400 8 128 ) 
4 91 100 (-352 16 128 ) (-352 8 128 ) (-400 8 128 ) (-400 16 128 ) 
4 91 97 (-400 16 144 ) (-400 16 160 ) (-400 64 160 ) (-400 64 144 ) 
4 91 98 (-400 16 128 ) (-400 8 128 ) (-400 8 160 ) (-400 16 160 ) 
4 91 93 (-400 8 160 ) (-400 8 208 ) (-400 64 208 ) (-400 64 160 ) 
4 92 106 (-512 8 128 ) (-512 8 208 ) (-512 64 208 ) (-512 64 128 ) 
4 92 105 (-480 8 208 ) (-512 8 208 ) (-512 8 128 ) (-400 8 128 ) 
4 92 101 (-400 8 128 ) (-512 8 128 ) (-512 64 128 ) (-400 64 128 ) 
4 92 98 (-432 8 160 ) (-400 8 128 ) (-400 16 128 ) (-432 16 160 ) 
4 92 96 (-480 8 208 ) (-432 8 160 ) (-432 16 160 ) (-480 16 208 ) 
4 93 105 (-400 8 208 ) (-432 8 208 ) (-432 8 160 ) (-400 8 160 ) 
4 93 97 (-400 64 160 ) (-400 16 160 ) (-416 16 160 ) (-416 64 160 ) 
4 93 98 (-400 16 160 ) (-400 8 160 ) (-432 8 160 ) (-432 16 160 ) 
4 93 94 (-432 64 208 ) (-432 64 176 ) (-432 16 176 ) (-432 16 208 ) 
4 93 96 (-432 16 160 ) (-432 8 160 ) (-432 8 208 ) (-432 16 208 ) 
4 94 95 (-448 64 208 ) (-448 64 192 ) (-448 16 192 ) (-448 16 208 ) 
4 94 96 (-432 16 208 ) (-448 16 208 ) (-448 16 176 ) (-432 16 176 ) 
4 95 96 (-448 16 208 ) (-464 16 208 ) (-464 16 192 ) (-448 16 192 ) 
3 96 105 (-432 8 208 ) (-480 8 208 ) (-432 8 160 ) 
4 97 98 (-400 16 160 ) (-416 16 160 ) (-416 16 144 ) (-400 16 144 ) 
3 98 105 (-432 8 160 ) (-400 8 128 ) (-400 8 160 ) 
4 99 161 (-400 64 112 ) (-352 64 112 ) (-352 16 112 ) (-400 16 112 ) 
3 99 101 (-400 64 128 ) (-400 64 112 ) (-400 16 112 ) 
4 100 105 (-400 8 112 ) (-352 8 112 ) (-352 8 128 ) (-400 8 128 ) 
4 100 101 (-400 8 112 ) (-400 8 128 ) (-400 16 128 ) (-400 16 112 ) 
4 101 164 (-512 8 112 ) (-512 64 112 ) (-400 64 112 ) (-400 8 112 ) 
4 101 106 (-512 64 112 ) (-512 8 112 ) (-512 8 128 ) (-512 64 128 ) 
4 101 105 (-512 8 112 ) (-400 8 112 ) (-400 8 128 ) (-512 8 128 ) 
4 102 104 (-352 -8 208 ) (-352 -8 216 ) (-424 -8 216 ) (-424 -8 208 ) 
4 102 105 (-424 8 208 ) (-352 8 208 ) (-352 -8 208 ) (-424 -8 208 ) 
4 103 106 (-512 8 216 ) (-512 8 208 ) (-512 -8 208 ) (-512 -8 216 ) 
4 103 104 (-512 -8 216 ) (-512 -8 208 ) (-463 -8 208 ) (-463 -8 216 ) 
4 103 105 (-512 -8 208 ) (-512 8 208 ) (-463 8 208 ) (-463 -8 208 ) 
4 104 128 (-352 -48 208 ) (-352 -48 216 ) (-512 -48 216 ) (-512 -48 208 ) 
4 104 106 (-512 -48 208 ) (-512 -48 216 ) (-512 -8 216 ) (-512 -8 208 ) 
4 104 105 (-512 -48 208 ) (-512 -8 208 ) (-352 -8 208 ) (-352 -48 208 ) 
4 105 179 (-416 -48 112 ) (-512 -48 112 ) (-512 -32 112 ) (-416 -32 112 ) 
4 105 177 (-352 -48 112 ) (-416 -48 112 ) (-416 -32 112 ) (-352 -32 112 ) 
4 105 162 (-352 0 112 ) (-352 -32 112 ) (-400 -32 112 ) (-400 0 112 ) 
4 105 164 (-512 -32 112 ) (-512 8 112 ) (-400 8 112 ) (-400 -32 112 ) 
4 105 130 (-512 -48 112 ) (-416 -48 112 ) (-416 -48 177 ) (-512 -48 177 ) 
4 105 129 (-416 -48 112 ) (-352 -48 112 ) (-352 -48 177 ) (-416 -48 177 ) 
4 105 128 (-352 -48 177 ) (-352 -48 208 ) (-512 -48 208 ) (-512 -48 177 ) 
4 105 106 (-512 8 112 ) (-512 -48 112 ) (-512 -48 208 ) (-512 8 208 ) 
4 106 179 (-512 -48 112 ) (-544 -48 112 ) (-544 -32 112 ) (-512 -32 112 ) 
4 106 164 (-544 -32 112 ) (-544 64 112 ) (-512 64 112 ) (-512 -32 112 ) 
4 106 130 (-544 -48 177 ) (-544 -48 112 ) (-512 -48 112 ) (-512 -48 177 ) 
4 106 128 (-544 -48 216 ) (-544 -48 177 ) (-512 -48 177 ) (-512 -48 216 ) 
4 107 140 (-544 -48 918 ) (-544 -48 960 ) (-1024 -48 960 ) (-1024 -48 918 ) 
4 107 112 (-1024 800 960 ) (-1024 800 918 ) (-1024 -48 918 ) (-1024 -48 960 ) 
4 107 108 (-544 800 918 ) (-544 768 918 ) (-1024 768 918 ) (-1024 800 918 ) 
4 108 165 (-1024 768 112 ) (-1024 800 112 ) (-544 800 112 ) (-544 768 112 ) 
4 108 112 (-1024 800 918 ) (-1024 800 112 ) (-1024 768 112 ) (-1024 768 918 ) 
4 109 169 (-1024 128 112 ) (-1024 768 112 ) (-704 768 112 ) (-704 128 112 ) 
4 109 167 (-544 640 112 ) (-544 128 112 ) (-704 128 112 ) (-704 640 112 ) 
4 109 166 (-704 768 112 ) (-544 768 112 ) (-544 640 112 ) (-704 640 112 ) 
4 109 111 (-1024 128 512 ) (-1024 128 112 ) (-576 128 112 ) (-576 128 512 ) 
4 109 110 (-1024 128 918 ) (-1024 128 512 ) (-544 128 512 ) (-544 128 918 ) 
4 110 141 (-544 -48 512 ) (-544 -48 918 ) (-1024 -48 918 ) (-1024 -48 512 ) 
4 110 111 (-576 -48 512 ) (-1024 -48 512 ) (-1024 128 512 ) (-576 128 512 ) 
4 111 189 (-704 -48 112 ) (-1024 -48 112 ) (-1024 -32 112 ) (-704 -32 112 ) 
4 111 186 (-576 -48 112 ) (-704 -48 112 ) (-704 -32 112 ) (-576 -32 112 ) 
4 111 169 (-1024 -32 112 ) (-1024 128 112 ) (-704 128 112 ) (-704 -32 112 ) 
4 111 168 (-704 128 112 ) (-576 128 112 ) (-576 -32 112 ) (-704 -32 112 ) 
4 111 142 (-1024 -48 112 ) (-576 -48 112 ) (-576 -48 512 ) (-1024 -48 512 ) 
4 112 190 (-1024 -48 112 ) (-1056 -48 112 ) (-1056 -32 112 ) (-1024 -32 112 ) 
4 112 170 (-1056 -32 112 ) (-1056 768 112 ) (-1024 768 112 ) (-1024 -32 112 ) 
4 112 165 (-1056 768 112 ) (-1056 800 112 ) (-1024 800 112 ) (-1024 768 112 ) 
4 112 148 (-1056 -48 112 ) (-1024 -48 112 ) (-1024 -48 960 ) (-1056 -48 960 ) 
4 113 140 (-544 -48 960 ) (-544 -48 918 ) (-544 -832 918 ) (-544 -832 960 ) 
4 113 139 (-544 -832 960 ) (-544 -832 918 ) (0 -832 918 ) (0 -832 960 ) 
4 114 146 (-544 -640 536 ) (-544 -832 536 ) (-544 -832 918 ) (-544 -640 918 ) 
4 114 144 (-544 -576 536 ) (-544 -640 536 ) (-544 -640 918 ) (-544 -576 918 ) 
4 114 141 (-544 -48 918 ) (-544 -48 536 ) (-544 -576 536 ) (-544 -576 918 ) 
4 114 133 (0 -384 536 ) (0 -640 536 ) (-544 -640 536 ) (-544 -384 536 ) 
4 114 138 (0 -640 536 ) (0 -832 536 ) (-544 -832 536 ) (-544 -640 536 ) 
4 114 119 (-337 -57.624972 536 ) (-337 -72 536 ) (-348 -72 536 ) (-348 -59 536 ) 
4 114 118 (-337 -48 536 ) (-336 -48 536 ) (-336 -72 536 ) (-337 -72 536 ) 
4 114 117 (-336 -48 536 ) (-332 -48 536 ) (-332 -72 536 ) (-336 -72 536 ) 
4 114 116 (-332 -48 536 ) (-320 -48 536 ) (-320 -72 536 ) (-332 -72 536 ) 
4 114 122 (-544 -72 536 ) (-544 -48 536 ) (-348 -48 536 ) (-348 -72 536 ) 
4 114 123 (-320 -384 536 ) (-544 -384 536 ) (-544 -72 536 ) (-320 -72 536 ) 
4 114 115 (0 -48 536 ) (0 -384 536 ) (-320 -384 536 ) (-320 -48 536 ) 
4 115 182 (0 -256 112 ) (0 -384 112 ) (-320 -384 112 ) (-320 -256 112 ) 
4 115 176 (-192 -256 112 ) (-320 -256 112 ) (-320 -48 112 ) (-192 -48 112 ) 
4 115 175 (-160 -256 112 ) (-192 -256 112 ) (-192 -48 112 ) (-160 -48 112 ) 
4 115 174 (0 -224 112 ) (0 -256 112 ) (-160 -256 112 ) (-160 -224 112 ) 
4 115 173 (0 -48 112 ) (0 -224 112 ) (-160 -224 112 ) (-160 -48 112 ) 
4 115 136 (-320 -384 256 ) (-320 -384 112 ) (-68 -384 112 ) (-68 -384 256 ) 
4 115 135 (-68 -384 112 ) (0 -384 112 ) (0 -384 256 ) (-68 -384 256 ) 
4 115 133 (0 -384 536 ) (-320 -384 536 ) (-320 -384 320 ) (0 -384 320 ) 
4 115 124 (-320 -48 464 ) (-320 -48 368 ) (-320 -64 368 ) (-320 -64 464 ) 
4 115 132 (-320 -192 112 ) (-320 -384 112 ) (-320 -384 512 ) (-320 -192 512 ) 
4 115 116 (-320 -48 536 ) (-320 -48 512 ) (-320 -72 512 ) (-320 -72 536 ) 
4 115 123 (-320 -72 512 ) (-320 -384 512 ) (-320 -384 536 ) (-320 -72 536 ) 
3 116 121 (-332 -66 512 ) (-332 -72 512 ) (-332 -72 518 ) 
3 116 120 (-332 -72 522 ) (-332 -72 528 ) (-332 -71 528 ) 
4 116 117 (-332 -48 536 ) (-332 -48 528 ) (-332 -72 528 ) (-332 -72 536 ) 
4 116 123 (-332 -72 512 ) (-320 -72 512 ) (-320 -72 536 ) (-332 -72 536 ) 
4 117 120 (-332 -72 528 ) (-332.685707 -72 529.371416 ) (-333.129402 -70.058832 530.258807 ) (-332 -71 528 ) 
3 117 119 (-332.685707 -72 529.371416 ) (-335 -72 534 ) (-335 -61.874967 534 ) 
4 117 118 (-335 -72 534 ) (-336 -72 536 ) (-336 -48 536 ) (-335 -48 534 ) 
3 117 123 (-332 -72 528 ) (-332 -72 536 ) (-336 -72 536 ) 
4 118 119 (-335 -72 534 ) (-337 -72 536 ) (-337 -57.624973 536 ) (-335 -61.874990 534 ) 
3 118 123 (-335 -72 534 ) (-336 -72 536 ) (-337 -72 536 ) 
4 119 120 (-348 -72 530.222204 ) (-348 -61.880005 534.719980 ) (-333.129400 -70.058834 530.258800 ) (-332.685705 -72 529.371410 ) 
5 119 123 (-332.685708 -72 529.371416 ) (-335 -72 534 ) (-337 -72 536 ) (-348 -72 536 ) (-348 -72 530.222210 ) 
3 119 122 (-348 -72 530.222210 ) (-348 -72 536 ) (-348 -59 536 ) 
3 120 121 (-333.333307 -72 518 ) (-335.333312 -72 512 ) (-347.333340 -66 512 ) 
4 120 122 (-348 -65.666668 512 ) (-348 -72 512 ) (-348 -72 530.222210 ) (-348 -61.880004 534.719986 ) 
6 120 123 (-348 -72 512 ) (-335.333336 -72 512 ) (-332 -72 522 ) (-332 -72 528 ) (-332.685708 -72 529.371416 ) (-348 -72 530.222210 ) 
4 121 123 (-335.333336 -72 512 ) (-332 -72 512 ) (-332 -72 518 ) (-333.333331 -72 518 ) 
4 122 141 (-544 -48 536 ) (-544 -48 512 ) (-544 -72 512 ) (-544 -72 536 ) 
4 122 123 (-544 -72 536 ) (-544 -72 512 ) (-348 -72 512 ) (-348 -72 536 ) 
4 123 141 (-544 -72 512 ) (-544 -384 512 ) (-544 -384 536 ) (-544 -72 536 ) 
4 123 133 (-320 -384 536 ) (-544 -384 536 ) (-544 -384 512 ) (-320 -384 512 ) 
4 123 132 (-320 -384 512 ) (-544 -384 512 ) (-544 -192 512 ) (-320 -192 512 ) 
4 124 125 (-424 -48 464 ) (-424 -48 368 ) (-424 -64 368 ) (-424 -64 464 ) 
4 125 126 (-512 -48 352 ) (-424 -48 352 ) (-424 -128 352 ) (-512 -128 352 ) 
4 126 127 (-512 -128 224 ) (-512 -48 224 ) (-424 -48 224 ) (-424 -128 224 ) 
4 128 130 (-544 -64 177 ) (-544 -48 177 ) (-416 -48 177 ) (-416 -64 177 ) 
4 128 129 (-416 -48 177 ) (-352 -48 177 ) (-352 -64 177 ) (-416 -64 177 ) 
4 129 177 (-416 -48 112 ) (-352 -48 112 ) (-352 -64 112 ) (-416 -64 112 ) 
4 129 130 (-416 -64 177 ) (-416 -48 177 ) (-416 -48 112 ) (-416 -64 112 ) 
4 130 179 (-544 -64 112 ) (-544 -48 112 ) (-416 -48 112 ) (-416 -64 112 ) 
4 130 131 (-480 -64 112 ) (-416 -64 112 ) (-416 -64 177 ) (-480 -64 177 ) 
4 131 180 (-480 -64 112 ) (-416 -64 112 ) (-416 -192 112 ) (-480 -192 112 ) 
4 131 132 (-480 -192 112 ) (-416 -192 112 ) (-416 -192 177 ) (-480 -192 177 ) 
4 132 182 (-320 -384 112 ) (-544 -384 112 ) (-544 -256 112 ) (-320 -256 112 ) 
4 132 181 (-544 -256 112 ) (-544 -192 112 ) (-416 -192 112 ) (-416 -256 112 ) 
4 132 178 (-416 -192 112 ) (-320 -192 112 ) (-320 -256 112 ) (-416 -256 112 ) 
4 132 143 (-544 -192 112 ) (-544 -384 112 ) (-544 -384 512 ) (-544 -192 512 ) 
4 132 137 (-544 -384 320 ) (-544 -384 112 ) (-320 -384 112 ) (-320 -384 320 ) 
4 132 133 (-544 -384 512 ) (-544 -384 320 ) (-320 -384 320 ) (-320 -384 512 ) 
4 133 144 (-544 -640 320 ) (-544 -640 536 ) (-544 -576 536 ) (-544 -576 320 ) 
4 133 143 (-544 -384 512 ) (-544 -384 320 ) (-544 -576 320 ) (-544 -576 512 ) 
4 133 141 (-544 -576 536 ) (-544 -384 536 ) (-544 -384 512 ) (-544 -576 512 ) 
4 133 137 (-320 -576 320 ) (-544 -576 320 ) (-544 -384 320 ) (-320 -384 320 ) 
4 133 138 (-544 -640 536 ) (-544 -640 320 ) (0 -640 320 ) (0 -640 536 ) 
4 134 135 (0 -391 256 ) (0 -542 256 ) (-68 -542 256 ) (-68 -391 256 ) 
4 135 182 (0 -384 112 ) (0 -576 112 ) (-68 -576 112 ) (-68 -384 112 ) 
4 135 136 (-68 -384 256 ) (-68 -384 112 ) (-68 -576 112 ) (-68 -576 256 ) 
4 136 182 (-68 -576 112 ) (-320 -576 112 ) (-320 -384 112 ) (-68 -384 112 ) 
4 136 137 (-320 -384 112 ) (-320 -576 112 ) (-320 -576 256 ) (-320 -384 256 ) 
4 137 182 (-320 -576 112 ) (-544 -576 112 ) (-544 -384 112 ) (-320 -384 112 ) 
4 137 143 (-544 -384 112 ) (-544 -576 112 ) (-544 -576 320 ) (-544 -384 320 ) 
4 138 183 (0 -640 112 ) (0 -832 112 ) (-544 -832 112 ) (-544 -640 112 ) 
4 138 146 (-544 -640 112 ) (-544 -832 112 ) (-544 -832 536 ) (-544 -640 536 ) 
4 139 185 (0 -832 112 ) (0 -864 112 ) (-544 -864 112 ) (-544 -832 112 ) 
4 139 147 (-544 -832 112 ) (-544 -864 112 ) (-544 -864 918 ) (-544 -832 918 ) 
4 139 140 (-544 -864 918 ) (-544 -864 960 ) (-544 -832 960 ) (-544 -832 918 ) 
4 140 148 (-1024 -864 918 ) (-1024 -864 960 ) (-1024 -48 960 ) (-1024 -48 918 ) 
4 140 147 (-544 -864 918 ) (-1024 -864 918 ) (-1024 -832 918 ) (-544 -832 918 ) 
4 141 144 (-1024 -576 918 ) (-1024 -576 512 ) (-544 -576 512 ) (-544 -576 918 ) 
4 141 142 (-1024 -192 512 ) (-1024 -48 512 ) (-576 -48 512 ) (-576 -192 512 ) 
4 141 143 (-1024 -576 512 ) (-1024 -192 512 ) (-544 -192 512 ) (-544 -576 512 ) 
4 142 189 (-1024 -48 112 ) (-704 -48 112 ) (-704 -192 112 ) (-1024 -192 112 ) 
4 142 186 (-704 -48 112 ) (-576 -48 112 ) (-576 -192 112 ) (-704 -192 112 ) 
4 142 143 (-1024 -192 512 ) (-1024 -192 112 ) (-576 -192 112 ) (-576 -192 512 ) 
4 143 189 (-704 -576 112 ) (-1024 -576 112 ) (-1024 -192 112 ) (-704 -192 112 ) 
4 143 187 (-544 -192 112 ) (-544 -576 112 ) (-704 -576 112 ) (-704 -192 112 ) 
4 143 145 (-1024 -576 320 ) (-1024 -576 112 ) (-704 -576 112 ) (-704 -576 320 ) 
4 143 144 (-1024 -576 512 ) (-1024 -576 320 ) (-544 -576 320 ) (-544 -576 512 ) 
4 144 146 (-544 -640 320 ) (-544 -640 918 ) (-1024 -640 918 ) (-1024 -640 320 ) 
4 144 145 (-704 -640 320 ) (-1024 -640 320 ) (-1024 -576 320 ) (-704 -576 320 ) 
4 145 189 (-704 -640 112 ) (-1024 -640 112 ) (-1024 -576 112 ) (-704 -576 112 ) 
4 145 146 (-1024 -640 112 ) (-704 -640 112 ) (-704 -640 320 ) (-1024 -640 320 ) 
4 146 189 (-704 -832 112 ) (-1024 -832 112 ) (-1024 -640 112 ) (-704 -640 112 ) 
4 146 188 (-544 -640 112 ) (-544 -832 112 ) (-704 -832 112 ) (-704 -640 112 ) 
4 147 191 (-544 -832 112 ) (-544 -864 112 ) (-1024 -864 112 ) (-1024 -832 112 ) 
4 147 148 (-1024 -832 112 ) (-1024 -864 112 ) (-1024 -864 918 ) (-1024 -832 918 ) 
4 148 190 (-1056 -48 112 ) (-1024 -48 112 ) (-1024 -832 112 ) (-1056 -832 112 ) 
4 148 191 (-1024 -832 112 ) (-1024 -864 112 ) (-1056 -864 112 ) (-1056 -832 112 ) 
4 149 171 (-544 800 -544 ) (-544 768 -544 ) (-544 768 -502 ) (-544 800 -502 ) 
4 149 165 (-544 768 -502 ) (-544 768 112 ) (-544 800 112 ) (-544 800 -502 ) 
4 149 151 (0 768 -544 ) (0 768 -502 ) (-544 768 -502 ) (-544 768 -544 ) 
4 150 166 (-544 640 -502 ) (-544 640 112 ) (-544 768 112 ) (-544 768 -502 ) 
4 150 159 (-288 640 112 ) (-544 640 112 ) (-544 640 64 ) (-288 640 64 ) 
4 150 152 (0 640 64 ) (0 640 112 ) (-288 640 112 ) (-288 640 64 ) 
4 151 171 (-544 768 -544 ) (-544 640 -544 ) (-544 640 -502 ) (-544 768 -502 ) 
4 152 159 (-288 256 112 ) (-288 640 112 ) (-288 640 64 ) (-288 256 64 ) 
4 152 157 (-160 256 112 ) (-192 256 112 ) (-192 256 96 ) (-160 256 96 ) 
4 152 158 (-192 256 112 ) (-288 256 112 ) (-288 256 64 ) (-192 256 64 ) 
4 152 155 (0 256 96 ) (0 256 112 ) (-160 256 112 ) (-160 256 96 ) 
10 153 154 (-171 440 48 ) (-173 440 48 ) (-175 442 48 ) (-176 444 48 ) (-175 446 48 ) (-173 448 48 ) (-171 448 48 ) (-169 446 48 ) (-168 444 48 ) (-169 442 48 ) 
4 155 157 (-160 256 112 ) (-160 256 96 ) (-160 224 96 ) (-160 224 112 ) 
4 155 156 (0 224 96 ) (0 224 112 ) (-160 224 112 ) (-160 224 96 ) 
4 156 173 (0 -32 -64 ) (0 -32 112 ) (-160 -32 112 ) (-160 -32 -64 ) 
4 156 157 (-160 -32 96 ) (-160 -32 112 ) (-160 224 112 ) (-160 224 96 ) 
4 157 175 (-160 -32 112 ) (-192 -32 112 ) (-192 -32 96 ) (-160 -32 96 ) 
4 157 158 (-192 256 112 ) (-192 256 96 ) (-192 -32 96 ) (-192 -32 112 ) 
4 158 176 (-192 -32 112 ) (-288 -32 112 ) (-288 -32 64 ) (-192 -32 64 ) 
4 158 160 (-288 -32 64 ) (-288 -32 112 ) (-288 128 112 ) (-288 128 64 ) 
4 158 159 (-288 128 112 ) (-288 256 112 ) (-288 256 64 ) (-288 128 64 ) 
4 159 167 (-544 128 112 ) (-544 640 112 ) (-544 640 64 ) (-544 128 64 ) 
4 159 160 (-320 128 64 ) (-288 128 64 ) (-288 128 112 ) (-320 128 112 ) 
4 160 176 (-288 -32 112 ) (-320 -32 112 ) (-320 -32 64 ) (-288 -32 64 ) 
4 161 164 (-400 64 64 ) (-400 -32 64 ) (-400 16 112 ) (-400 64 112 ) 
4 162 177 (-352 -32 112 ) (-400 -32 112 ) (-400 -32 96 ) (-352 -32 96 ) 
4 162 163 (-352 -32 96 ) (-400 -32 96 ) (-400 -16 96 ) (-352 -16 96 ) 
4 162 164 (-400 -32 96 ) (-400 -32 112 ) (-400 0 112 ) (-400 0 96 ) 
4 163 177 (-400 -32 96 ) (-400 -32 80 ) (-352 -32 80 ) (-352 -32 96 ) 
4 163 164 (-400 -32 80 ) (-400 -32 96 ) (-400 -16 96 ) (-400 -16 80 ) 
4 164 179 (-416 -32 112 ) (-544 -32 112 ) (-544 -32 64 ) (-416 -32 64 ) 
4 164 177 (-400 -32 112 ) (-416 -32 112 ) (-416 -32 64 ) (-400 -32 64 ) 
4 165 171 (-1056 768 -502 ) (-1056 800 -502 ) (-544 800 -502 ) (-544 768 -502 ) 
4 165 170 (-1056 768 112 ) (-1056 768 -502 ) (-1024 768 -502 ) (-1024 768 112 ) 
4 166 169 (-704 768 -502 ) (-704 640 -502 ) (-704 640 112 ) (-704 768 112 ) 
4 166 167 (-704 640 112 ) (-704 640 64 ) (-544 640 64 ) (-544 640 112 ) 
4 167 169 (-704 128 64 ) (-704 128 112 ) (-704 640 112 ) (-704 640 64 ) 
4 167 168 (-576 128 112 ) (-704 128 112 ) (-704 128 64 ) (-576 128 64 ) 
4 168 186 (-576 -32 112 ) (-704 -32 112 ) (-704 -32 64 ) (-576 -32 64 ) 
4 168 169 (-704 -32 64 ) (-704 -32 112 ) (-704 128 112 ) (-704 128 64 ) 
4 169 189 (-704 -32 112 ) (-1024 -32 112 ) (-1024 -32 -502 ) (-704 -32 -502 ) 
4 170 190 (-1024 -32 112 ) (-1056 -32 112 ) (-1056 -32 -502 ) (-1024 -32 -502 ) 
4 170 172 (-1024 -32 -502 ) (-1056 -32 -502 ) (-1056 640 -502 ) (-1024 640 -502 ) 
4 170 171 (-1056 640 -502 ) (-1056 768 -502 ) (-1024 768 -502 ) (-1024 640 -502 ) 
4 171 172 (-704 640 -502 ) (-1056 640 -502 ) (-1056 640 -544 ) (-704 640 -544 ) 
4 172 192 (-704 -32 -502 ) (-1056 -32 -502 ) (-1056 -32 -544 ) (-704 -32 -544 ) 
4 173 175 (-160 -32 112 ) (-160 -32 96 ) (-160 -224 96 ) (-160 -224 112 ) 
4 173 174 (0 -224 96 ) (0 -224 112 ) (-160 -224 112 ) (-160 -224 96 ) 
4 174 182 (0 -256 96 ) (0 -256 112 ) (-160 -256 112 ) (-160 -256 96 ) 
4 174 175 (-160 -256 96 ) (-160 -256 112 ) (-160 -224 112 ) (-160 -224 96 ) 
4 175 182 (-160 -256 96 ) (-160 -256 112 ) (-192 -256 112 ) (-192 -256 96 ) 
4 175 176 (-192 -256 112 ) (-192 -32 112 ) (-192 -32 96 ) (-192 -256 96 ) 
4 176 182 (-320 -256 64 ) (-192 -256 64 ) (-192 -256 112 ) (-320 -256 112 ) 
4 176 178 (-320 -256 64 ) (-320 -256 112 ) (-320 -192 112 ) (-320 -192 64 ) 
4 177 179 (-416 -32 112 ) (-416 -32 64 ) (-416 -64 64 ) (-416 -64 112 ) 
4 178 182 (-416 -256 64 ) (-320 -256 64 ) (-320 -256 112 ) (-416 -256 112 ) 
4 178 181 (-416 -192 64 ) (-416 -256 64 ) (-416 -256 112 ) (-416 -192 112 ) 
4 179 180 (-480 -64 64 ) (-416 -64 64 ) (-416 -64 112 ) (-480 -64 112 ) 
4 180 181 (-416 -192 64 ) (-416 -192 112 ) (-480 -192 112 ) (-480 -192 64 ) 
4 181 187 (-544 -192 64 ) (-544 -256 64 ) (-544 -256 112 ) (-544 -192 112 ) 
4 181 182 (-544 -256 112 ) (-544 -256 64 ) (-416 -256 64 ) (-416 -256 112 ) 
4 182 187 (-544 -576 64 ) (-544 -576 112 ) (-544 -256 112 ) (-544 -256 64 ) 
4 183 188 (-544 -832 112 ) (-544 -640 112 ) (-544 -640 -502 ) (-544 -832 -502 ) 
4 184 193 (-544 -640 -502 ) (-544 -640 -544 ) (-544 -832 -544 ) (-544 -832 -502 ) 
4 184 185 (0 -832 -544 ) (0 -832 -502 ) (-544 -832 -502 ) (-544 -832 -544 ) 
4 185 193 (-544 -832 -502 ) (-544 -832 -544 ) (-544 -864 -544 ) (-544 -864 -502 ) 
4 185 191 (-544 -864 112 ) (-544 -832 112 ) (-544 -832 -502 ) (-544 -864 -502 ) 
4 186 189 (-704 -32 112 ) (-704 -32 64 ) (-704 -192 64 ) (-704 -192 112 ) 
4 186 187 (-576 -192 112 ) (-704 -192 112 ) (-704 -192 64 ) (-576 -192 64 ) 
4 187 189 (-704 -192 64 ) (-704 -576 64 ) (-704 -576 112 ) (-704 -192 112 ) 
4 188 189 (-704 -640 -502 ) (-704 -832 -502 ) (-704 -832 112 ) (-704 -640 112 ) 
4 190 193 (-1056 -832 -502 ) (-1056 -640 -502 ) (-1024 -640 -502 ) (-1024 -832 -502 ) 
4 190 192 (-1056 -640 -502 ) (-1056 -32 -502 ) (-1024 -32 -502 ) (-1024 -640 -502 ) 
4 190 191 (-1056 -832 112 ) (-1056 -832 -502 ) (-1024 -832 -502 ) (-1024 -832 112 ) 
4 191 193 (-544 -864 -502 ) (-1056 -864 -502 ) (-1056 -832 -502 ) (-544 -832 -502 ) 
4 192 193 (-704 -640 -502 ) (-1056 -640 -502 ) (-1056 -640 -544 ) (-704 -640 -544 ) 
